<?xml version="1.0" encoding="UTF-8"?>
<testng-results skipped="0" failed="0" ignored="0" total="1" passed="1">
  <reporter-output>
  </reporter-output>
  <suite name="Default suite" duration-ms="26579" started-at="2018-12-10T12:14:17Z" finished-at="2018-12-10T12:14:43Z">
    <groups>
    </groups>
    <test name="Default test" duration-ms="26579" started-at="2018-12-10T12:14:17Z" finished-at="2018-12-10T12:14:43Z">
      <class name="clearTrip.MainPage">
        <test-method status="PASS" signature="setup()[pri:0, instance:clearTrip.MainPage@58651fd0]" name="setup" is-config="true" duration-ms="23965" started-at="2018-12-10T17:44:17Z" finished-at="2018-12-10T17:44:40Z">
          <reporter-output>
          </reporter-output>
        </test-method> <!-- setup -->
        <test-method status="PASS" signature="test()[pri:0, instance:clearTrip.MainPage@58651fd0]" name="test" duration-ms="2588" started-at="2018-12-10T17:44:40Z" finished-at="2018-12-10T17:44:43Z">
          <reporter-output>
          </reporter-output>
        </test-method> <!-- test -->
        <test-method status="PASS" signature="tearDown()[pri:0, instance:clearTrip.MainPage@58651fd0]" name="tearDown" is-config="true" duration-ms="0" started-at="2018-12-10T17:44:43Z" finished-at="2018-12-10T17:44:43Z">
          <reporter-output>
          </reporter-output>
        </test-method> <!-- tearDown -->
      </class> <!-- clearTrip.MainPage -->
    </test> <!-- Default test -->
  </suite> <!-- Default suite -->
</testng-results>
